<?xml version="1.0" encoding="UTF-8"?>
<testng-results ignored="0" total="2" passed="0" failed="0" skipped="2">
  <reporter-output>
  </reporter-output>
  <suite started-at="2021-11-27T21:45:37 IST" name="Suite" finished-at="2021-11-27T21:45:37 IST" duration-ms="115">
    <groups>
    </groups>
    <test started-at="2021-11-27T21:45:37 IST" name="FirefoxTest" finished-at="2021-11-27T21:45:37 IST" duration-ms="112">
      <class name="test.pack.Test1">
        <test-method is-config="true" signature="lauchbrowser(java.lang.String)[pri:0, instance:test.pack.Test1@1b2abca6]" started-at="2021-11-27T21:45:37 IST" name="lauchbrowser" finished-at="1970-01-01T05:30:00 IST" duration-ms="-1638029737867" status="FAIL">
          <exception class="org.testng.TestNGException">
            <message>
              <![CDATA[
Can inject only one of <ITestContext, XmlTest> into a @BeforeTest annotated lauchbrowser.
For more information on native dependency injection please refer to https://testng.org/doc/documentation-main.html#native-dependency-injection]]>
            </message>
            <full-stacktrace>
              <![CDATA[org.testng.TestNGException: 
Can inject only one of <ITestContext, XmlTest> into a @BeforeTest annotated lauchbrowser.
For more information on native dependency injection please refer to https://testng.org/doc/documentation-main.html#native-dependency-injection
at org.testng.internal.Parameters.checkParameterTypes(Parameters.java:439)
at org.testng.internal.Parameters.createParametersForMethod(Parameters.java:353)
at org.testng.internal.Parameters.createParameters(Parameters.java:708)
at org.testng.internal.Parameters.createConfigurationParameters(Parameters.java:168)
at org.testng.internal.ConfigInvoker.invokeConfigurations(ConfigInvoker.java:302)
at org.testng.TestRunner.invokeTestConfigurations(TestRunner.java:637)
at org.testng.TestRunner.beforeRun(TestRunner.java:627)
at org.testng.TestRunner.run(TestRunner.java:589)
at org.testng.SuiteRunner.runTest(SuiteRunner.java:377)
at org.testng.SuiteRunner.access$000(SuiteRunner.java:28)
at org.testng.SuiteRunner$SuiteWorker.run(SuiteRunner.java:418)
at org.testng.internal.thread.ThreadUtil.lambda$execute$0(ThreadUtil.java:64)
at java.base/java.util.concurrent.FutureTask.run(FutureTask.java:264)
at java.base/java.util.concurrent.ThreadPoolExecutor.runWorker(ThreadPoolExecutor.java:1128)
at java.base/java.util.concurrent.ThreadPoolExecutor$Worker.run(ThreadPoolExecutor.java:628)
at java.base/java.lang.Thread.run(Thread.java:834)
]]>
            </full-stacktrace>
          </exception> <!-- org.testng.TestNGException -->
          <reporter-output>
          </reporter-output>
        </test-method> <!-- lauchbrowser -->
        <test-method is-config="true" signature="lauchapplication()[pri:0, instance:test.pack.Test1@1b2abca6]" started-at="2021-11-27T21:45:37 IST" name="lauchapplication" finished-at="1970-01-01T05:30:00 IST" duration-ms="-1638029737923" status="SKIP">
          <reporter-output>
          </reporter-output>
        </test-method> <!-- lauchapplication -->
        <test-method is-config="true" signature="LoginToSchool()[pri:0, instance:test.pack.Test1@1b2abca6]" started-at="2021-11-27T21:45:37 IST" name="LoginToSchool" finished-at="1970-01-01T05:30:00 IST" duration-ms="-1638029737951" status="SKIP">
          <reporter-output>
          </reporter-output>
        </test-method> <!-- LoginToSchool -->
        <test-method signature="verifylearningButton()[pri:0, instance:test.pack.Test1@1b2abca6]" started-at="2021-11-27T21:45:37 IST" name="verifylearningButton" finished-at="2021-11-27T21:45:37 IST" duration-ms="0" status="SKIP">
          <exception class="org.testng.TestNGException">
            <message>
              <![CDATA[
Can inject only one of <ITestContext, XmlTest> into a @BeforeTest annotated lauchbrowser.
For more information on native dependency injection please refer to https://testng.org/doc/documentation-main.html#native-dependency-injection]]>
            </message>
            <full-stacktrace>
              <![CDATA[org.testng.TestNGException: 
Can inject only one of <ITestContext, XmlTest> into a @BeforeTest annotated lauchbrowser.
For more information on native dependency injection please refer to https://testng.org/doc/documentation-main.html#native-dependency-injection
at org.testng.internal.Parameters.checkParameterTypes(Parameters.java:439)
at org.testng.internal.Parameters.createParametersForMethod(Parameters.java:353)
at org.testng.internal.Parameters.createParameters(Parameters.java:708)
at org.testng.internal.Parameters.createConfigurationParameters(Parameters.java:168)
at org.testng.internal.ConfigInvoker.invokeConfigurations(ConfigInvoker.java:302)
at org.testng.TestRunner.invokeTestConfigurations(TestRunner.java:637)
at org.testng.TestRunner.beforeRun(TestRunner.java:627)
at org.testng.TestRunner.run(TestRunner.java:589)
at org.testng.SuiteRunner.runTest(SuiteRunner.java:377)
at org.testng.SuiteRunner.access$000(SuiteRunner.java:28)
at org.testng.SuiteRunner$SuiteWorker.run(SuiteRunner.java:418)
at org.testng.internal.thread.ThreadUtil.lambda$execute$0(ThreadUtil.java:64)
at java.base/java.util.concurrent.FutureTask.run(FutureTask.java:264)
at java.base/java.util.concurrent.ThreadPoolExecutor.runWorker(ThreadPoolExecutor.java:1128)
at java.base/java.util.concurrent.ThreadPoolExecutor$Worker.run(ThreadPoolExecutor.java:628)
at java.base/java.lang.Thread.run(Thread.java:834)
]]>
            </full-stacktrace>
          </exception> <!-- org.testng.TestNGException -->
          <reporter-output>
          </reporter-output>
        </test-method> <!-- verifylearningButton -->
        <test-method is-config="true" signature="logOutButton()[pri:0, instance:test.pack.Test1@1b2abca6]" started-at="2021-11-27T21:45:37 IST" name="logOutButton" finished-at="1970-01-01T05:30:00 IST" duration-ms="-1638029737957" status="SKIP">
          <reporter-output>
          </reporter-output>
        </test-method> <!-- logOutButton -->
        <test-method is-config="true" signature="cleanobject()[pri:0, instance:test.pack.Test1@1b2abca6]" started-at="2021-11-27T21:45:37 IST" name="cleanobject" finished-at="1970-01-01T05:30:00 IST" duration-ms="-1638029737961" status="SKIP">
          <reporter-output>
          </reporter-output>
        </test-method> <!-- cleanobject -->
        <test-method is-config="true" signature="closebrowser()[pri:0, instance:test.pack.Test1@1b2abca6]" started-at="2021-11-27T21:45:37 IST" name="closebrowser" finished-at="1970-01-01T05:30:00 IST" duration-ms="-1638029737966" status="SKIP">
          <reporter-output>
          </reporter-output>
        </test-method> <!-- closebrowser -->
      </class> <!-- test.pack.Test1 -->
    </test> <!-- FirefoxTest -->
    <test started-at="2021-11-27T21:45:37 IST" name="ChromeTest" finished-at="2021-11-27T21:45:37 IST" duration-ms="115">
      <class name="test.pack.Test1">
        <test-method is-config="true" signature="lauchbrowser(java.lang.String)[pri:0, instance:test.pack.Test1@fa49800]" started-at="2021-11-27T21:45:37 IST" name="lauchbrowser" finished-at="1970-01-01T05:30:00 IST" duration-ms="-1638029737867" status="FAIL">
          <exception class="org.testng.TestNGException">
            <message>
              <![CDATA[
Can inject only one of <ITestContext, XmlTest> into a @BeforeTest annotated lauchbrowser.
For more information on native dependency injection please refer to https://testng.org/doc/documentation-main.html#native-dependency-injection]]>
            </message>
            <full-stacktrace>
              <![CDATA[org.testng.TestNGException: 
Can inject only one of <ITestContext, XmlTest> into a @BeforeTest annotated lauchbrowser.
For more information on native dependency injection please refer to https://testng.org/doc/documentation-main.html#native-dependency-injection
at org.testng.internal.Parameters.checkParameterTypes(Parameters.java:439)
at org.testng.internal.Parameters.createParametersForMethod(Parameters.java:353)
at org.testng.internal.Parameters.createParameters(Parameters.java:708)
at org.testng.internal.Parameters.createConfigurationParameters(Parameters.java:168)
at org.testng.internal.ConfigInvoker.invokeConfigurations(ConfigInvoker.java:302)
at org.testng.TestRunner.invokeTestConfigurations(TestRunner.java:637)
at org.testng.TestRunner.beforeRun(TestRunner.java:627)
at org.testng.TestRunner.run(TestRunner.java:589)
at org.testng.SuiteRunner.runTest(SuiteRunner.java:377)
at org.testng.SuiteRunner.access$000(SuiteRunner.java:28)
at org.testng.SuiteRunner$SuiteWorker.run(SuiteRunner.java:418)
at org.testng.internal.thread.ThreadUtil.lambda$execute$0(ThreadUtil.java:64)
at java.base/java.util.concurrent.FutureTask.run(FutureTask.java:264)
at java.base/java.util.concurrent.ThreadPoolExecutor.runWorker(ThreadPoolExecutor.java:1128)
at java.base/java.util.concurrent.ThreadPoolExecutor$Worker.run(ThreadPoolExecutor.java:628)
at java.base/java.lang.Thread.run(Thread.java:834)
]]>
            </full-stacktrace>
          </exception> <!-- org.testng.TestNGException -->
          <reporter-output>
          </reporter-output>
        </test-method> <!-- lauchbrowser -->
        <test-method is-config="true" signature="lauchapplication()[pri:0, instance:test.pack.Test1@fa49800]" started-at="2021-11-27T21:45:37 IST" name="lauchapplication" finished-at="1970-01-01T05:30:00 IST" duration-ms="-1638029737929" status="SKIP">
          <reporter-output>
          </reporter-output>
        </test-method> <!-- lauchapplication -->
        <test-method is-config="true" signature="LoginToSchool()[pri:0, instance:test.pack.Test1@fa49800]" started-at="2021-11-27T21:45:37 IST" name="LoginToSchool" finished-at="1970-01-01T05:30:00 IST" duration-ms="-1638029737951" status="SKIP">
          <reporter-output>
          </reporter-output>
        </test-method> <!-- LoginToSchool -->
        <test-method signature="verifylearningButton()[pri:0, instance:test.pack.Test1@fa49800]" started-at="2021-11-27T21:45:37 IST" name="verifylearningButton" finished-at="2021-11-27T21:45:37 IST" duration-ms="0" status="SKIP">
          <exception class="org.testng.TestNGException">
            <message>
              <![CDATA[
Can inject only one of <ITestContext, XmlTest> into a @BeforeTest annotated lauchbrowser.
For more information on native dependency injection please refer to https://testng.org/doc/documentation-main.html#native-dependency-injection]]>
            </message>
            <full-stacktrace>
              <![CDATA[org.testng.TestNGException: 
Can inject only one of <ITestContext, XmlTest> into a @BeforeTest annotated lauchbrowser.
For more information on native dependency injection please refer to https://testng.org/doc/documentation-main.html#native-dependency-injection
at org.testng.internal.Parameters.checkParameterTypes(Parameters.java:439)
at org.testng.internal.Parameters.createParametersForMethod(Parameters.java:353)
at org.testng.internal.Parameters.createParameters(Parameters.java:708)
at org.testng.internal.Parameters.createConfigurationParameters(Parameters.java:168)
at org.testng.internal.ConfigInvoker.invokeConfigurations(ConfigInvoker.java:302)
at org.testng.TestRunner.invokeTestConfigurations(TestRunner.java:637)
at org.testng.TestRunner.beforeRun(TestRunner.java:627)
at org.testng.TestRunner.run(TestRunner.java:589)
at org.testng.SuiteRunner.runTest(SuiteRunner.java:377)
at org.testng.SuiteRunner.access$000(SuiteRunner.java:28)
at org.testng.SuiteRunner$SuiteWorker.run(SuiteRunner.java:418)
at org.testng.internal.thread.ThreadUtil.lambda$execute$0(ThreadUtil.java:64)
at java.base/java.util.concurrent.FutureTask.run(FutureTask.java:264)
at java.base/java.util.concurrent.ThreadPoolExecutor.runWorker(ThreadPoolExecutor.java:1128)
at java.base/java.util.concurrent.ThreadPoolExecutor$Worker.run(ThreadPoolExecutor.java:628)
at java.base/java.lang.Thread.run(Thread.java:834)
]]>
            </full-stacktrace>
          </exception> <!-- org.testng.TestNGException -->
          <reporter-output>
          </reporter-output>
        </test-method> <!-- verifylearningButton -->
        <test-method is-config="true" signature="logOutButton()[pri:0, instance:test.pack.Test1@fa49800]" started-at="2021-11-27T21:45:37 IST" name="logOutButton" finished-at="1970-01-01T05:30:00 IST" duration-ms="-1638029737959" status="SKIP">
          <reporter-output>
          </reporter-output>
        </test-method> <!-- logOutButton -->
        <test-method is-config="true" signature="cleanobject()[pri:0, instance:test.pack.Test1@fa49800]" started-at="2021-11-27T21:45:37 IST" name="cleanobject" finished-at="1970-01-01T05:30:00 IST" duration-ms="-1638029737961" status="SKIP">
          <reporter-output>
          </reporter-output>
        </test-method> <!-- cleanobject -->
        <test-method is-config="true" signature="closebrowser()[pri:0, instance:test.pack.Test1@fa49800]" started-at="2021-11-27T21:45:37 IST" name="closebrowser" finished-at="1970-01-01T05:30:00 IST" duration-ms="-1638029737966" status="SKIP">
          <reporter-output>
          </reporter-output>
        </test-method> <!-- closebrowser -->
      </class> <!-- test.pack.Test1 -->
    </test> <!-- ChromeTest -->
  </suite> <!-- Suite -->
</testng-results>
