<?xml version="1.0" encoding="UTF-8"?>
<!-- Generated by org.testng.reporters.JUnitXMLReporter -->
<testsuite ignored="0" hostname="LAPTOP-2J4OVC1L" failures="0" tests="1" name="ChromeTest" time="0.115" errors="0" timestamp="2021-11-27T21:45:38 IST">
  <testcase classname="test.pack.Test1" name="@BeforeTest lauchbrowser" time="-1.638029737867E9">
    <failure type="org.testng.TestNGException" message="
Can inject only one of &amp;lt;ITestContext, XmlTest&amp;gt; into a @BeforeTest annotated lauchbrowser.
For more information on native dependency injection please refer to https://testng.org/doc/documentation-main.html#native-dependency-injection">
      <![CDATA[org.testng.TestNGException: 
Can inject only one of <ITestContext, XmlTest> into a @BeforeTest annotated lauchbrowser.
For more information on native dependency injection please refer to https://testng.org/doc/documentation-main.html#native-dependency-injection
at java.base/java.util.concurrent.FutureTask.run(FutureTask.java:264)
at java.base/java.util.concurrent.ThreadPoolExecutor.runWorker(ThreadPoolExecutor.java:1128)
at java.base/java.util.concurrent.ThreadPoolExecutor$Worker.run(ThreadPoolExecutor.java:628)
at java.base/java.lang.Thread.run(Thread.java:834)
... Removed 12 stack frames]]>
    </failure>
  </testcase> <!-- @BeforeTest lauchbrowser -->
  <testcase classname="test.pack.Test1" name="@BeforeTest lauchbrowser" time="-1.638029737867E9">
    <failure type="org.testng.TestNGException" message="
Can inject only one of &amp;lt;ITestContext, XmlTest&amp;gt; into a @BeforeTest annotated lauchbrowser.
For more information on native dependency injection please refer to https://testng.org/doc/documentation-main.html#native-dependency-injection">
      <![CDATA[org.testng.TestNGException: 
Can inject only one of <ITestContext, XmlTest> into a @BeforeTest annotated lauchbrowser.
For more information on native dependency injection please refer to https://testng.org/doc/documentation-main.html#native-dependency-injection
at java.base/java.util.concurrent.FutureTask.run(FutureTask.java:264)
at java.base/java.util.concurrent.ThreadPoolExecutor.runWorker(ThreadPoolExecutor.java:1128)
at java.base/java.util.concurrent.ThreadPoolExecutor$Worker.run(ThreadPoolExecutor.java:628)
at java.base/java.lang.Thread.run(Thread.java:834)
... Removed 12 stack frames]]>
    </failure>
  </testcase> <!-- @BeforeTest lauchbrowser -->
  <testcase classname="test.pack.Test1" name="@BeforeClass lauchapplication" time="-1.638029737923E9">
    <skipped/>
  </testcase> <!-- @BeforeClass lauchapplication -->
  <testcase classname="test.pack.Test1" name="@BeforeClass lauchapplication" time="-1.638029737929E9">
    <skipped/>
  </testcase> <!-- @BeforeClass lauchapplication -->
  <testcase classname="test.pack.Test1" name="@BeforeMethod LoginToSchool" time="-1.638029737951E9">
    <skipped/>
  </testcase> <!-- @BeforeMethod LoginToSchool -->
  <testcase classname="test.pack.Test1" name="@BeforeMethod LoginToSchool" time="-1.638029737951E9">
    <skipped/>
  </testcase> <!-- @BeforeMethod LoginToSchool -->
  <testcase classname="test.pack.Test1" name="@AfterMethod logOutButton" time="-1.638029737957E9">
    <skipped/>
  </testcase> <!-- @AfterMethod logOutButton -->
  <testcase classname="test.pack.Test1" name="@AfterMethod logOutButton" time="-1.638029737959E9">
    <skipped/>
  </testcase> <!-- @AfterMethod logOutButton -->
  <testcase classname="test.pack.Test1" name="@AfterClass cleanobject" time="-1.638029737961E9">
    <skipped/>
  </testcase> <!-- @AfterClass cleanobject -->
  <testcase classname="test.pack.Test1" name="@AfterClass cleanobject" time="-1.638029737961E9">
    <skipped/>
  </testcase> <!-- @AfterClass cleanobject -->
  <testcase classname="test.pack.Test1" name="@AfterTest closebrowser" time="-1.638029737966E9">
    <skipped/>
  </testcase> <!-- @AfterTest closebrowser -->
  <testcase classname="test.pack.Test1" name="@AfterTest closebrowser" time="-1.638029737966E9">
    <skipped/>
  </testcase> <!-- @AfterTest closebrowser -->
  <testcase classname="test.pack.Test1" name="verifylearningButton" time="0.0">
    <skipped/>
  </testcase> <!-- verifylearningButton -->
</testsuite> <!-- ChromeTest -->
